#-----------------------------------------------------------
# Webtalk v2019.1 (64-bit)
# SW Build 2552052 on Fri May 24 14:47:09 MDT 2019
# 
# Start of session at: Wed Mar 10 15:28:06 2021
# Process ID: 11139
# Current directory: /home/chiara/Documenti/vivadoData/2019.1/project_fakemem_tbimpl/project_fakemem_tbimpl.sdk/webtalk
# Command line: wbtcv -mode batch -source sdk_webtalk.tcl
# Log file: /home/chiara/Documenti/vivadoData/2019.1/project_fakemem_tbimpl/project_fakemem_tbimpl.sdk/webtalk/webtalk.log
# Journal file: /home/chiara/Documenti/vivadoData/2019.1/project_fakemem_tbimpl/project_fakemem_tbimpl.sdk/webtalk/webtalk.jou
#-----------------------------------------------------------
source sdk_webtalk.tcl
# webtalk_init -webtalk_dir /home/chiara/Documenti/vivadoData/2019.1/project_fakemem_tbimpl/project_fakemem_tbimpl.sdk/webtalk
# webtalk_register_client -client project
# webtalk_add_data -client project -key date_generated -value "2021-03-10 15:28:04" -context "software_version_and_target_device"
# webtalk_add_data -client project -key product_version -value "SDK v2019.1" -context "software_version_and_target_device"
# webtalk_add_data -client project -key build_version -value "2019.1" -context "software_version_and_target_device"
# webtalk_add_data -client project -key os_platform -value "amd64" -context "software_version_and_target_device"
# webtalk_add_data -client project -key registration_id -value "" -context "software_version_and_target_device"
# webtalk_add_data -client project -key tool_flow -value "SDK" -context "software_version_and_target_device"
# webtalk_add_data -client project -key beta -value "false" -context "software_version_and_target_device"
# webtalk_add_data -client project -key route_design -value "NA" -context "software_version_and_target_device"
# webtalk_add_data -client project -key target_family -value "NA" -context "software_version_and_target_device"
# webtalk_add_data -client project -key target_device -value "NA" -context "software_version_and_target_device"
# webtalk_add_data -client project -key target_package -value "NA" -context "software_version_and_target_device"
# webtalk_add_data -client project -key target_speed -value "NA" -context "software_version_and_target_device"
# webtalk_add_data -client project -key random_id -value "bp533gl3oq4r7gk5e6753i0vfl" -context "software_version_and_target_device"
# webtalk_add_data -client project -key project_id -value "2019.1_12" -context "software_version_and_target_device"
# webtalk_add_data -client project -key project_iteration -value "12" -context "software_version_and_target_device"
# webtalk_add_data -client project -key os_name -value "Debian" -context "user_environment"
# webtalk_add_data -client project -key os_release -value "Debian GNU/Linux 10 (buster)" -context "user_environment"
# webtalk_add_data -client project -key cpu_name -value "Intel(R) Core(TM) i7-4700MQ CPU @ 2.40GHz" -context "user_environment"
# webtalk_add_data -client project -key cpu_speed -value "2368.338 MHz" -context "user_environment"
# webtalk_add_data -client project -key total_processors -value "1" -context "user_environment"
# webtalk_add_data -client project -key system_ram -value "8.273 GB" -context "user_environment"
# webtalk_register_client -client sdk
# webtalk_add_data -client sdk -key uid -value "1615386423000" -context "sdk\\\\hardware/1615386423000"
# webtalk_add_data -client sdk -key isZynq -value "false" -context "sdk\\\\hardware/1615386423000"
# webtalk_add_data -client sdk -key isZynqMP -value "false" -context "sdk\\\\hardware/1615386423000"
# webtalk_add_data -client sdk -key Processors -value "1" -context "sdk\\\\hardware/1615386423000"
# webtalk_add_data -client sdk -key VivadoVersion -value "2019.1" -context "sdk\\\\hardware/1615386423000"
# webtalk_add_data -client sdk -key Arch -value "artix7" -context "sdk\\\\hardware/1615386423000"
# webtalk_add_data -client sdk -key Device -value "7a35ti" -context "sdk\\\\hardware/1615386423000"
# webtalk_add_data -client sdk -key IsHandoff -value "true" -context "sdk\\\\hardware/1615386423000"
# webtalk_add_data -client sdk -key os -value "NA" -context "sdk\\\\hardware/1615386423000"
# webtalk_add_data -client sdk -key apptemplate -value "NA" -context "sdk\\\\hardware/1615386423000"
# webtalk_add_data -client sdk -key RecordType -value "HWCreation" -context "sdk\\\\hardware/1615386423000"
# webtalk_add_data -client sdk -key uid -value "1615386436000" -context "sdk\\\\bsp/1615386436000"
# webtalk_add_data -client sdk -key hwid -value "1615386423000" -context "sdk\\\\bsp/1615386436000"
# webtalk_add_data -client sdk -key os -value "standalone" -context "sdk\\\\bsp/1615386436000"
# webtalk_add_data -client sdk -key apptemplate -value "null" -context "sdk\\\\bsp/1615386436000"
# webtalk_add_data -client sdk -key RecordType -value "BSPCreation" -context "sdk\\\\bsp/1615386436000"
# webtalk_add_data -client sdk -key uid -value "NA" -context "sdk\\\\bsp/1615386484829"
# webtalk_add_data -client sdk -key RecordType -value "ToolUsage" -context "sdk\\\\bsp/1615386484829"
# webtalk_add_data -client sdk -key BootgenCount -value "0" -context "sdk\\\\bsp/1615386484829"
# webtalk_add_data -client sdk -key DebugCount -value "0" -context "sdk\\\\bsp/1615386484829"
# webtalk_add_data -client sdk -key PerfCount -value "0" -context "sdk\\\\bsp/1615386484829"
# webtalk_add_data -client sdk -key FlashCount -value "0" -context "sdk\\\\bsp/1615386484829"
# webtalk_add_data -client sdk -key CrossTriggCount -value "0" -context "sdk\\\\bsp/1615386484829"
# webtalk_add_data -client sdk -key QemuDebugCount -value "0" -context "sdk\\\\bsp/1615386484829"
# webtalk_transmit -clientid 1844244738 -regid "" -xml /home/chiara/Documenti/vivadoData/2019.1/project_fakemem_tbimpl/project_fakemem_tbimpl.sdk/webtalk/usage_statistics_ext_sdk.xml -html /home/chiara/Documenti/vivadoData/2019.1/project_fakemem_tbimpl/project_fakemem_tbimpl.sdk/webtalk/usage_statistics_ext_sdk.html -wdm /home/chiara/Documenti/vivadoData/2019.1/project_fakemem_tbimpl/project_fakemem_tbimpl.sdk/webtalk/sdk_webtalk.wdm -intro "<H3>SDK Usage Report</H3><BR>"
# webtalk_terminate
INFO: [Common 17-206] Exiting Webtalk at Wed Mar 10 15:28:07 2021...
