14:46:45 INFO  : Registering command handlers for SDK TCF services
14:46:46 INFO  : Launching XSCT server: xsct.bat -interactive V:\software\m3_for_arty_a7\sdk_workspace\temp_xsdb_launch_script.tcl
14:46:49 INFO  : XSCT server has started successfully.
14:46:52 INFO  : Successfully done setting XSCT server connection channel  
14:46:52 INFO  : Processing command line option -hwspec V:/software/m3_for_arty_a7_wrapper.hdf.
14:46:52 INFO  : Successfully done setting SDK workspace  
15:08:36 INFO  : Launching XSCT server: xsct.bat -interactive C:\ES1_Project\AT426-BU-98000-r0p1-00rel0\software\m3_for_arty_a7\sdk_workspace\temp_xsdb_launch_script.tcl
15:08:39 INFO  : XSCT server has started successfully.
15:08:45 INFO  : Successfully done setting XSCT server connection channel  
15:08:45 INFO  : Successfully done setting SDK workspace  
15:08:47 INFO  : Registering command handlers for SDK TCF services
15:08:48 INFO  : Processing command line option -hwspec C:/ES1_Project/AT426-BU-98000-r0p1-00rel0/software/m3_for_arty_a7_wrapper.hdf.
15:11:49 INFO  : Saving repository preferences.
15:11:49 INFO  : Reading in cores from global repositories: 
		 C:\ES1_Project\AT426-BU-98000-r0p1-00rel0\vivado\Arm_sw_repository
15:11:49 INFO  : Cleaning BSP projects in the workspace.
15:11:52 INFO  : Saving repository preferences.
15:12:00 INFO  : Saving repository preferences.
21:17:36 INFO  : Launching XSCT server: xsct.bat -interactive C:\ES1_Project\AT426-BU-98000-r0p1-00rel0\software\m3_for_arty_a7\sdk_workspace\temp_xsdb_launch_script.tcl
21:17:38 INFO  : XSCT server has started successfully.
21:17:38 INFO  : Successfully done setting XSCT server connection channel  
21:17:41 INFO  : Successfully done setting SDK workspace  
21:17:41 INFO  : Restoring global repository preferences: 
		 C:\ES1_Project\AT426-BU-98000-r0p1-00rel0\vivado\Arm_sw_repository
21:17:47 INFO  : Registering command handlers for SDK TCF services
21:17:47 INFO  : Processing command line option -hwspec C:/ES1_Project/AT426-BU-98000-r0p1-00rel0/software/m3_for_arty_a7_wrapper.hdf.
21:17:47 INFO  : Checking for hwspec changes in the project m3_for_arty_a7_wrapper_hw_platform_1.
23:38:32 INFO  : Launching XSCT server: xsct.bat -interactive C:\ES1_Project\AT426-BU-98000-r0p1-00rel0\software\m3_for_arty_a7\sdk_workspace\temp_xsdb_launch_script.tcl
23:38:35 INFO  : XSCT server has started successfully.
23:38:38 INFO  : Successfully done setting XSCT server connection channel  
23:38:38 INFO  : Restoring global repository preferences: 
		 C:\ES1_Project\AT426-BU-98000-r0p1-00rel0\vivado\Arm_sw_repository
23:38:38 INFO  : Successfully done setting SDK workspace  
23:38:39 INFO  : Registering command handlers for SDK TCF services
23:38:39 INFO  : Processing command line option -hwspec C:/ES1_Project/AT426-BU-98000-r0p1-00rel0/software/m3_for_arty_a7_wrapper.hdf.
23:38:40 INFO  : Checking for hwspec changes in the project m3_for_arty_a7_wrapper_hw_platform_1.
23:38:44 INFO  : SDK has detected change in the last modified timestamps for source hardware specification file Source:1607380671289,  Project:1561546680000
23:38:44 INFO  : The hardware specification for project 'm3_for_arty_a7_wrapper_hw_platform_1' is different from C:/ES1_Project/AT426-BU-98000-r0p1-00rel0/software/m3_for_arty_a7_wrapper.hdf.
23:38:44 INFO  : Copied contents of C:/ES1_Project/AT426-BU-98000-r0p1-00rel0/software/m3_for_arty_a7_wrapper.hdf into \m3_for_arty_a7_wrapper_hw_platform_1\system.hdf.
23:38:44 INFO  : Synchronizing projects in the workspace with the hardware platform specification changes.
23:38:45 INFO  : Clearing existing target manager status.
23:38:45 INFO  : Workspace synchronized with the new hardware specification file. Cleaning dependent projects...
23:38:45 WARN  : Linker script will not be updated automatically. Users need to update it manually.
10:23:07 INFO  : Launching XSCT server: xsct.bat -interactive C:\ES1_Project\AT426-BU-98000-r0p1-00rel0\software\m3_for_arty_a7\sdk_workspace\temp_xsdb_launch_script.tcl
10:23:10 INFO  : XSCT server has started successfully.
10:23:13 INFO  : Successfully done setting XSCT server connection channel  
10:23:13 INFO  : Restoring global repository preferences: 
		 C:\ES1_Project\AT426-BU-98000-r0p1-00rel0\vivado\Arm_sw_repository
10:23:13 INFO  : Successfully done setting SDK workspace  
10:23:19 INFO  : Registering command handlers for SDK TCF services
10:23:19 INFO  : Processing command line option -hwspec C:/ES1_Project/AT426-BU-98000-r0p1-00rel0/software/m3_for_arty_a7_wrapper.hdf.
10:23:19 INFO  : Checking for hwspec changes in the project m3_for_arty_a7_wrapper_hw_platform_1.
11:53:11 INFO  : Launching XSCT server: xsct.bat -interactive C:\ES1_Project\AT426-BU-98000-r0p1-00rel0\software\m3_for_arty_a7\sdk_workspace\temp_xsdb_launch_script.tcl
11:53:14 INFO  : XSCT server has started successfully.
11:53:18 INFO  : Successfully done setting XSCT server connection channel  
11:53:18 INFO  : Restoring global repository preferences: 
		 C:\ES1_Project\AT426-BU-98000-r0p1-00rel0\vivado\Arm_sw_repository
11:53:18 INFO  : Successfully done setting SDK workspace  
11:53:24 INFO  : Registering command handlers for SDK TCF services
11:53:24 INFO  : Processing command line option -hwspec C:/ES1_Project/AT426-BU-98000-r0p1-00rel0/software/design_1_wrapper.hdf.
12:01:07 ERROR : (XSDB Server)ERROR: [Hsi 55-1545] Problem running tcl command ::sw_standalone_v7_0::generate : ERROR: processor CORTEXM3_AXI is not supported
    while executing
"error "ERROR: processor $proctype is not supported""
    (procedure "::sw_standalone_v7_0::generate" line 344)
    invoked from within
"::sw_standalone_v7_0::generate standalone"
ERROR: [Hsi 55-1442] Error(s) while running TCL procedure generate()

12:01:07 ERROR : (XSDB Server)ERROR: [Hsi 55-1450] Error: running generate_bsp.

12:01:07 ERROR : Error generating bsp sources: Failed in generating sources
12:01:07 ERROR : Failed to generate sources for BSP project standalone_bsp_1
org.eclipse.core.runtime.CoreException: Internal error occurred while generating bsp sources. Please check the SDK Log view for further details.
	at com.xilinx.sdk.sw.ui.handlers.RegenBspSourcesHandler.internalGenerateBsp(RegenBspSourcesHandler.java:179)
	at com.xilinx.sdk.sw.ui.handlers.RegenBspSourcesHandler.access$2(RegenBspSourcesHandler.java:164)
	at com.xilinx.sdk.sw.ui.handlers.RegenBspSourcesHandler$1$1.run(RegenBspSourcesHandler.java:132)
	at org.eclipse.core.internal.resources.Workspace.run(Workspace.java:2240)
	at org.eclipse.core.internal.resources.Workspace.run(Workspace.java:2267)
	at com.xilinx.sdk.sw.ui.handlers.RegenBspSourcesHandler$1.run(RegenBspSourcesHandler.java:136)
	at org.eclipse.jface.operation.ModalContext$ModalContextThread.run(ModalContext.java:119)
12:02:17 ERROR : (XSDB Server)ERROR: [Hsi 55-1545] Problem running tcl command ::sw_standalone_v7_0::generate : ERROR: processor CORTEXM3_AXI is not supported
    while executing
"error "ERROR: processor $proctype is not supported""
    (procedure "::sw_standalone_v7_0::generate" line 344)
    invoked from within
"::sw_standalone_v7_0::generate standalone"

12:02:17 ERROR : (XSDB Server)ERROR: [Hsi 55-1442] Error(s) while running TCL procedure generate()

12:02:17 ERROR : (XSDB Server)ERROR: [Hsi 55-1450] Error: running generate_bsp.

12:02:17 ERROR : Error generating bsp sources: Failed in generating sources
12:02:17 ERROR : Failed to regenerate sources for BSP project standalone_bsp_1
org.eclipse.core.runtime.CoreException: Internal error occurred while generating bsp sources. Please check the SDK Log view for further details.
	at com.xilinx.sdk.sw.ui.handlers.RegenBspSourcesHandler.internalGenerateBsp(RegenBspSourcesHandler.java:179)
	at com.xilinx.sdk.sw.ui.handlers.RegenBspSourcesHandler.access$2(RegenBspSourcesHandler.java:164)
	at com.xilinx.sdk.sw.ui.handlers.RegenBspSourcesHandler$1$1.run(RegenBspSourcesHandler.java:132)
	at org.eclipse.core.internal.resources.Workspace.run(Workspace.java:2240)
	at org.eclipse.core.internal.resources.Workspace.run(Workspace.java:2267)
	at com.xilinx.sdk.sw.ui.handlers.RegenBspSourcesHandler$1.run(RegenBspSourcesHandler.java:136)
	at org.eclipse.jface.operation.ModalContext$ModalContextThread.run(ModalContext.java:119)
12:02:51 ERROR : (XSDB Server)ERROR: [Hsi 55-1545] Problem running tcl command ::sw_standalone_v7_0::generate : ERROR: processor CORTEXM3_AXI is not supported
    while executing
"error "ERROR: processor $proctype is not supported""
    (procedure "::sw_standalone_v7_0::generate" line 344)
    invoked from within
"::sw_standalone_v7_0::generate standalone"

12:02:51 ERROR : (XSDB Server)ERROR: [Hsi 55-1442] Error(s) while running TCL procedure generate()

12:02:51 ERROR : (XSDB Server)ERROR: [Hsi 55-1450] Error: running generate_bsp.

12:02:51 ERROR : Error generating bsp sources: Failed in generating sources
12:02:51 ERROR : Failed to generate sources for BSP project standalone_bsp_1
org.eclipse.core.runtime.CoreException: Internal error occurred while generating bsp sources. Please check the SDK Log view for further details.
	at com.xilinx.sdk.sw.ui.handlers.RegenBspSourcesHandler.internalGenerateBsp(RegenBspSourcesHandler.java:179)
	at com.xilinx.sdk.sw.ui.handlers.RegenBspSourcesHandler.access$2(RegenBspSourcesHandler.java:164)
	at com.xilinx.sdk.sw.ui.handlers.RegenBspSourcesHandler$1$1.run(RegenBspSourcesHandler.java:132)
	at org.eclipse.core.internal.resources.Workspace.run(Workspace.java:2240)
	at org.eclipse.core.internal.resources.Workspace.run(Workspace.java:2267)
	at com.xilinx.sdk.sw.ui.handlers.RegenBspSourcesHandler$1.run(RegenBspSourcesHandler.java:136)
	at org.eclipse.jface.operation.ModalContext$ModalContextThread.run(ModalContext.java:119)
14:12:09 INFO  : Launching XSCT server: xsct.bat -interactive C:\ES1_Project\AT426-BU-98000-r0p1-00rel0\software\m3_for_arty_a7\sdk_workspace\temp_xsdb_launch_script.tcl
14:12:11 INFO  : XSCT server has started successfully.
14:12:11 INFO  : Successfully done setting XSCT server connection channel  
14:12:11 INFO  : Restoring global repository preferences: 
		 C:\ES1_Project\AT426-BU-98000-r0p1-00rel0\vivado\Arm_sw_repository
14:12:11 INFO  : Successfully done setting SDK workspace  
14:12:16 INFO  : Registering command handlers for SDK TCF services
14:12:16 INFO  : Processing command line option -hwspec C:/ES1_Project/AT426-BU-98000-r0p1-00rel0/software/design_1_wrapper.hdf.
14:12:16 INFO  : Checking for hwspec changes in the project design_1_wrapper_hw_platform_0.
14:12:16 INFO  : SDK has detected change in the last modified timestamps for source hardware specification file Source:1614604298601,  Project:1614595342315
14:12:16 INFO  : The hardware specification for project 'design_1_wrapper_hw_platform_0' is different from C:/ES1_Project/AT426-BU-98000-r0p1-00rel0/software/design_1_wrapper.hdf.
14:12:16 INFO  : Copied contents of C:/ES1_Project/AT426-BU-98000-r0p1-00rel0/software/design_1_wrapper.hdf into \design_1_wrapper_hw_platform_0\system.hdf.
14:12:17 INFO  : Synchronizing projects in the workspace with the hardware platform specification changes.
14:12:18 INFO  : 
14:12:18 INFO  : Clearing existing target manager status.
14:12:18 INFO  : Closing and re-opening the MSS file of ther project standalone_bsp_1
14:12:19 INFO  : Workspace synchronized with the new hardware specification file. Cleaning dependent projects...
14:12:20 WARN  : Linker script will not be updated automatically. Users need to update it manually.
16:04:45 INFO  : Launching XSCT server: xsct.bat -interactive C:\ES1_Project\AT426-BU-98000-r0p1-00rel0\software\m3_for_arty_a7\sdk_workspace\temp_xsdb_launch_script.tcl
16:04:47 INFO  : XSCT server has started successfully.
16:04:47 INFO  : Successfully done setting XSCT server connection channel  
16:04:47 INFO  : Successfully done setting SDK workspace  
16:04:47 INFO  : Restoring global repository preferences: 
		 C:\ES1_Project\AT426-BU-98000-r0p1-00rel0\vivado\Arm_sw_repository
16:04:51 INFO  : Registering command handlers for SDK TCF services
16:04:51 INFO  : Processing command line option -hwspec C:/ES1_Project/AT426-BU-98000-r0p1-00rel0/software/design_1_wrapper.hdf.
16:04:51 INFO  : Checking for hwspec changes in the project design_1_wrapper_hw_platform_0.
16:04:51 INFO  : SDK has detected change in the last modified timestamps for source hardware specification file Source:1614611043897,  Project:1614604298601
16:04:51 INFO  : The hardware specification for project 'design_1_wrapper_hw_platform_0' is different from C:/ES1_Project/AT426-BU-98000-r0p1-00rel0/software/design_1_wrapper.hdf.
16:04:51 INFO  : Copied contents of C:/ES1_Project/AT426-BU-98000-r0p1-00rel0/software/design_1_wrapper.hdf into \design_1_wrapper_hw_platform_0\system.hdf.
16:04:51 INFO  : Synchronizing projects in the workspace with the hardware platform specification changes.
16:04:53 INFO  : 
16:04:53 INFO  : Clearing existing target manager status.
16:04:53 INFO  : Closing and re-opening the MSS file of ther project standalone_bsp_1
16:04:54 INFO  : Workspace synchronized with the new hardware specification file. Cleaning dependent projects...
16:04:55 WARN  : Linker script will not be updated automatically. Users need to update it manually.
09:25:35 INFO  : Launching XSCT server: xsct.bat -interactive C:\ES1_Project\myTestbench_project\software\m3_for_arty_a7\sdk_workspace\temp_xsdb_launch_script.tcl
09:25:37 INFO  : XSCT server has started successfully.
09:25:37 INFO  : Successfully done setting XSCT server connection channel  
09:25:37 INFO  : Restoring global repository preferences: 
		 C:\ES1_Project\AT426-BU-98000-r0p1-00rel0\vivado\Arm_sw_repository
09:25:37 INFO  : Successfully done setting SDK workspace  
09:25:41 INFO  : Registering command handlers for SDK TCF services
09:25:41 INFO  : Processing command line option -hwspec C:/ES1_Project/myTestbench_project/software/design_1_wrapper.hdf.
09:25:46 INFO  : SDK has detected change in the last modified timestamps for source hardware specification file Source:1614671989176,  Project:1614611043897
09:25:46 INFO  : Project design_1_wrapper_hw_platform_0's source hardware specification located at C:/ES1_Project/AT426-BU-98000-r0p1-00rel0/software/design_1_wrapper.hdf is now different from the local copy.
		 The local copy will be replaced with the source specification and your workspace will be updated.
09:26:12 INFO  : Copied contents of C:/ES1_Project/AT426-BU-98000-r0p1-00rel0/software/design_1_wrapper.hdf into \design_1_wrapper_hw_platform_0\system.hdf.
09:26:12 INFO  : Synchronizing projects in the workspace with the hardware platform specification changes.
09:26:14 INFO  : 
09:26:16 INFO  : 
09:26:16 INFO  : Clearing existing target manager status.
10:15:31 INFO  : Launching XSCT server: xsct.bat -interactive C:\ES1_Project\myTestbench_project\software\m3_for_arty_a7\sdk_workspace\temp_xsdb_launch_script.tcl
10:15:33 INFO  : XSCT server has started successfully.
10:15:33 INFO  : Successfully done setting XSCT server connection channel  
10:15:33 INFO  : Restoring global repository preferences: 
		 C:\ES1_Project\AT426-BU-98000-r0p1-00rel0\vivado\Arm_sw_repository
10:15:33 INFO  : Successfully done setting SDK workspace  
10:15:37 INFO  : Registering command handlers for SDK TCF services
10:15:37 INFO  : Processing command line option -hwspec C:/ES1_Project/myTestbench_project/software/m3_for_arty_a7_wrapper.hdf.
10:27:53 INFO  : Registering command handlers for SDK TCF services
10:27:54 INFO  : Launching XSCT server: xsct.bat -interactive C:\ES1_Project\myTestbench_project\software\m3_for_arty_a7\sdk_workspace\temp_xsdb_launch_script.tcl
10:27:56 INFO  : XSCT server has started successfully.
10:27:56 INFO  : Successfully done setting XSCT server connection channel  
10:27:56 INFO  : Restoring global repository preferences: 
		 C:\ES1_Project\AT426-BU-98000-r0p1-00rel0\vivado\Arm_sw_repository
10:27:56 INFO  : Successfully done setting SDK workspace  
10:27:56 INFO  : Processing command line option -hwspec C:/ES1_Project/myTestbench_project/software/m3_for_arty_a7_wrapper.hdf.
10:28:51 INFO  : No changes in MSS file content so not generating sources.
17:19:29 INFO  : Launching XSCT server: xsct.bat -interactive C:\ES1_Project\myTestbench_project\software\m3_for_arty_a7\sdk_workspace\temp_xsdb_launch_script.tcl
17:19:31 INFO  : XSCT server has started successfully.
17:19:31 INFO  : Successfully done setting XSCT server connection channel  
17:19:32 INFO  : Successfully done setting SDK workspace  
17:19:32 INFO  : Restoring global repository preferences: 
		 C:\ES1_Project\AT426-BU-98000-r0p1-00rel0\vivado\Arm_sw_repository
17:19:35 INFO  : Registering command handlers for SDK TCF services
17:19:35 INFO  : Processing command line option -hwspec C:/ES1_Project/myTestbench_project/software/m3_for_arty_a7_wrapper.hdf.
17:19:36 INFO  : Checking for hwspec changes in the project m3_for_arty_a7_wrapper_hw_platform_0.
17:19:36 INFO  : SDK has detected change in the last modified timestamps for source hardware specification file Source:1614701951161,  Project:1614677248313
17:19:36 INFO  : The hardware specification for project 'm3_for_arty_a7_wrapper_hw_platform_0' is different from C:/ES1_Project/myTestbench_project/software/m3_for_arty_a7_wrapper.hdf.
17:19:36 INFO  : Copied contents of C:/ES1_Project/myTestbench_project/software/m3_for_arty_a7_wrapper.hdf into \m3_for_arty_a7_wrapper_hw_platform_0\system.hdf.
17:19:36 INFO  : Synchronizing projects in the workspace with the hardware platform specification changes.
17:19:38 INFO  : 
17:19:38 INFO  : Clearing existing target manager status.
17:19:38 INFO  : Closing and re-opening the MSS file of ther project standalone_bsp_0
17:19:39 INFO  : Workspace synchronized with the new hardware specification file. Cleaning dependent projects...
17:19:39 WARN  : Linker script will not be updated automatically. Users need to update it manually.
17:28:47 INFO  : SDK has detected change in the last modified timestamps for source hardware specification file Source:1614702524501,  Project:1614701951161
17:28:47 INFO  : Project m3_for_arty_a7_wrapper_hw_platform_0's source hardware specification located at C:/ES1_Project/myTestbench_project/software/m3_for_arty_a7_wrapper.hdf is now different from the local copy.
		 The local copy will be replaced with the source specification and your workspace will be updated.
17:29:31 INFO  : Project m3_for_arty_a7_wrapper_hw_platform_0's source hardware specification location will not be monitored anymore.
17:29:45 INFO  : Launching XSCT server: xsct.bat -interactive C:\ES1_Project\myTestbench_project\software\m3_for_arty_a7\sdk_workspace\temp_xsdb_launch_script.tcl
17:29:47 INFO  : XSCT server has started successfully.
17:29:47 INFO  : Successfully done setting XSCT server connection channel  
17:29:47 INFO  : Successfully done setting SDK workspace  
17:29:47 INFO  : Restoring global repository preferences: 
		 C:\ES1_Project\AT426-BU-98000-r0p1-00rel0\vivado\Arm_sw_repository
17:29:51 INFO  : Registering command handlers for SDK TCF services
17:29:51 INFO  : Processing command line option -hwspec C:/ES1_Project/myTestbench_project/software/m3_for_arty_a7_wrapper.hdf.
18:22:06 INFO  : Registering command handlers for SDK TCF services
18:22:07 INFO  : Launching XSCT server: xsct.bat -interactive C:\ES1_Project\myTestbench_project\software\m3_for_arty_a7\sdk_workspace\temp_xsdb_launch_script.tcl
18:22:09 INFO  : XSCT server has started successfully.
18:22:09 INFO  : Restoring global repository preferences: 
		 C:\ES1_Project\AT426-BU-98000-r0p1-00rel0\vivado\Arm_sw_repository
18:22:09 INFO  : Successfully done setting XSCT server connection channel  
18:22:09 INFO  : Processing command line option -hwspec C:/ES1_Project/myTestbench_project/software/m3_for_arty_a7_wrapper.hdf.
18:22:09 INFO  : Successfully done setting SDK workspace  
18:37:44 INFO  : SDK has detected change in the last modified timestamps for source hardware specification file Source:1614706661830,  Project:1614705716427
18:37:44 INFO  : Project m3_for_arty_a7_wrapper_hw_platform_0's source hardware specification located at C:/ES1_Project/myTestbench_project/software/m3_for_arty_a7_wrapper.hdf is now different from the local copy.
		 The local copy will be replaced with the source specification and your workspace will be updated.
18:37:47 INFO  : Copied contents of C:/ES1_Project/myTestbench_project/software/m3_for_arty_a7_wrapper.hdf into \m3_for_arty_a7_wrapper_hw_platform_0\system.hdf.
18:37:47 INFO  : Synchronizing projects in the workspace with the hardware platform specification changes.
18:37:49 INFO  : 
18:37:49 INFO  : Clearing existing target manager status.
18:37:49 INFO  : Closing and re-opening the MSS file of ther project standalone_bsp_0
18:37:49 INFO  : Workspace synchronized with the new hardware specification file. Cleaning dependent projects...
18:37:50 WARN  : Linker script will not be updated automatically. Users need to update it manually.
18:38:36 INFO  : Registering command handlers for SDK TCF services
18:38:36 INFO  : Launching XSCT server: xsct.bat -interactive C:\ES1_Project\myTestbench_project\software\m3_for_arty_a7\sdk_workspace\temp_xsdb_launch_script.tcl
18:38:38 INFO  : XSCT server has started successfully.
18:38:39 INFO  : Restoring global repository preferences: 
		 C:\ES1_Project\AT426-BU-98000-r0p1-00rel0\vivado\Arm_sw_repository
18:38:39 INFO  : Successfully done setting XSCT server connection channel  
18:38:39 INFO  : Successfully done setting SDK workspace  
18:38:39 INFO  : Processing command line option -hwspec C:/ES1_Project/myTestbench_project/software/m3_for_arty_a7_wrapper.hdf.
16:48:13 INFO  : Launching XSCT server: xsct.bat -interactive C:\ES1_Project\myTestbench_project\software\m3_for_arty_a7\sdk_workspace\temp_xsdb_launch_script.tcl
16:48:16 INFO  : XSCT server has started successfully.
16:48:20 INFO  : Successfully done setting XSCT server connection channel  
16:48:20 INFO  : Restoring global repository preferences: 
		 C:\ES1_Project\AT426-BU-98000-r0p1-00rel0\vivado\Arm_sw_repository
16:48:20 INFO  : Successfully done setting SDK workspace  
16:48:26 INFO  : Registering command handlers for SDK TCF services
12:26:06 INFO  : Launching XSCT server: xsct.bat -interactive C:\ES1_Project\myTestbench_project\software\m3_for_arty_a7\sdk_workspace\temp_xsdb_launch_script.tcl
12:26:09 INFO  : XSCT server has started successfully.
12:26:12 INFO  : Successfully done setting XSCT server connection channel  
12:26:12 INFO  : Restoring global repository preferences: 
		 C:\ES1_Project\AT426-BU-98000-r0p1-00rel0\vivado\Arm_sw_repository
12:26:12 INFO  : Successfully done setting SDK workspace  
12:26:18 INFO  : Registering command handlers for SDK TCF services
12:26:18 INFO  : Processing command line option -hwspec C:/ES1_Project/myTestbench_project/software/m3_for_arty_a7_wrapper.hdf.
12:26:18 INFO  : Checking for hwspec changes in the project m3_for_arty_a7_wrapper_hw_platform_0.
12:26:18 INFO  : SDK has detected change in the last modified timestamps for source hardware specification file Source:1614857136541,  Project:1614706690153
12:26:18 INFO  : The hardware specification for project 'm3_for_arty_a7_wrapper_hw_platform_0' is different from C:/ES1_Project/myTestbench_project/software/m3_for_arty_a7_wrapper.hdf.
12:26:18 INFO  : Copied contents of C:/ES1_Project/myTestbench_project/software/m3_for_arty_a7_wrapper.hdf into \m3_for_arty_a7_wrapper_hw_platform_0\system.hdf.
12:26:19 INFO  : Synchronizing projects in the workspace with the hardware platform specification changes.
12:26:21 INFO  : 
12:26:29 INFO  : Clearing existing target manager status.
12:26:29 INFO  : Closing and re-opening the MSS file of ther project standalone_bsp_0
12:26:30 INFO  : Workspace synchronized with the new hardware specification file. Cleaning dependent projects...
12:26:30 WARN  : Linker script will not be updated automatically. Users need to update it manually.
21:38:37 INFO  : Launching XSCT server: xsct.bat -interactive C:\ES1_Project\myTestbench_project\software\m3_for_arty_a7\sdk_workspace\temp_xsdb_launch_script.tcl
21:38:40 INFO  : XSCT server has started successfully.
21:38:40 INFO  : Successfully done setting XSCT server connection channel  
21:38:47 INFO  : Successfully done setting SDK workspace  
21:38:49 INFO  : Registering command handlers for SDK TCF services
21:38:50 INFO  : Restoring global repository preferences: 
		 C:\ES1_Project\AT426-BU-98000-r0p1-00rel0\vivado\Arm_sw_repository
21:38:50 INFO  : Processing command line option -hwspec C:/ES1_Project/myTestbench_project/software/m3_for_arty_a7_wrapper.hdf.
21:38:50 INFO  : Checking for hwspec changes in the project m3_for_arty_a7_wrapper_hw_platform_0.
21:38:50 INFO  : SDK has detected change in the last modified timestamps for source hardware specification file Source:1614890286553,  Project:1614857136541
21:38:50 INFO  : The hardware specification for project 'm3_for_arty_a7_wrapper_hw_platform_0' is different from C:/ES1_Project/myTestbench_project/software/m3_for_arty_a7_wrapper.hdf.
21:38:50 INFO  : Copied contents of C:/ES1_Project/myTestbench_project/software/m3_for_arty_a7_wrapper.hdf into \m3_for_arty_a7_wrapper_hw_platform_0\system.hdf.
21:38:50 INFO  : Synchronizing projects in the workspace with the hardware platform specification changes.
21:38:53 INFO  : 
21:38:53 INFO  : Clearing existing target manager status.
21:38:53 INFO  : Closing and re-opening the MSS file of ther project standalone_bsp_0
21:38:53 INFO  : Workspace synchronized with the new hardware specification file. Cleaning dependent projects...
21:38:53 WARN  : Linker script will not be updated automatically. Users need to update it manually.
21:41:40 INFO  : Launching XSCT server: xsct.bat -interactive C:\ES1_Project\myTestbench_project\software\m3_for_arty_a7\sdk_workspace\temp_xsdb_launch_script.tcl
21:41:42 INFO  : XSCT server has started successfully.
21:41:42 INFO  : Successfully done setting XSCT server connection channel  
21:41:42 INFO  : Restoring global repository preferences: 
		 C:\ES1_Project\AT426-BU-98000-r0p1-00rel0\vivado\Arm_sw_repository
21:41:42 INFO  : Successfully done setting SDK workspace  
21:41:43 INFO  : Registering command handlers for SDK TCF services
21:41:43 INFO  : Processing command line option -hwspec C:/ES1_Project/myTestbench_project/software/m3_for_arty_a7_wrapper.hdf.
22:00:15 INFO  : Registering command handlers for SDK TCF services
22:00:16 INFO  : Launching XSCT server: xsct.bat -interactive C:\ES1_Project\myTestbench_project\software\m3_for_arty_a7\sdk_workspace\temp_xsdb_launch_script.tcl
22:00:18 INFO  : XSCT server has started successfully.
22:00:18 INFO  : Restoring global repository preferences: 
		 C:\ES1_Project\AT426-BU-98000-r0p1-00rel0\vivado\Arm_sw_repository
22:00:18 INFO  : Successfully done setting XSCT server connection channel  
22:00:18 INFO  : Processing command line option -hwspec C:/ES1_Project/myTestbench_project/software/m3_for_arty_a7_wrapper.hdf.
22:00:18 INFO  : Successfully done setting SDK workspace  
22:19:55 INFO  : Registering command handlers for SDK TCF services
22:19:56 INFO  : Launching XSCT server: xsct.bat -interactive C:\ES1_Project\myTestbench_project\software\m3_for_arty_a7\sdk_workspace\temp_xsdb_launch_script.tcl
22:19:58 INFO  : XSCT server has started successfully.
22:19:58 INFO  : Successfully done setting XSCT server connection channel  
22:19:59 INFO  : Restoring global repository preferences: 
		 C:\ES1_Project\AT426-BU-98000-r0p1-00rel0\vivado\Arm_sw_repository
22:19:59 INFO  : Successfully done setting SDK workspace  
22:19:59 INFO  : Processing command line option -hwspec C:/ES1_Project/myTestbench_project/software/m3_for_arty_a7_wrapper.hdf.
10:08:35 INFO  : Registering command handlers for SDK TCF services
10:08:35 INFO  : Launching XSCT server: xsct.bat -interactive C:\ES1_Project\myTestbench_project\software\m3_for_arty_a7\sdk_workspace\temp_xsdb_launch_script.tcl
10:08:39 INFO  : XSCT server has started successfully.
10:08:39 INFO  : Successfully done setting XSCT server connection channel  
10:08:42 INFO  : Successfully done setting SDK workspace  
10:08:42 INFO  : Restoring global repository preferences: 
		 C:\ES1_Project\AT426-BU-98000-r0p1-00rel0\vivado\Arm_sw_repository
20:58:44 INFO  : Launching XSCT server: xsct.bat -interactive C:\ES1_Project\myTestbench_project\software\m3_for_arty_a7\sdk_workspace\temp_xsdb_launch_script.tcl
20:58:47 INFO  : XSCT server has started successfully.
20:58:50 INFO  : Successfully done setting XSCT server connection channel  
20:58:50 INFO  : Restoring global repository preferences: 
		 C:\ES1_Project\AT426-BU-98000-r0p1-00rel0\vivado\Arm_sw_repository
20:58:50 INFO  : Successfully done setting SDK workspace  
20:58:51 INFO  : Registering command handlers for SDK TCF services
20:58:51 INFO  : Processing command line option -hwspec C:/ES1_Project/myTestbench_project/software/m3_for_arty_a7_wrapper.hdf.
10:30:04 INFO  : Launching XSCT server: xsct.bat -interactive C:\ES1_Project\myTestbench_project\software\m3_for_arty_a7\sdk_workspace\temp_xsdb_launch_script.tcl
10:30:07 INFO  : XSCT server has started successfully.
10:30:10 INFO  : Successfully done setting XSCT server connection channel  
10:30:10 INFO  : Restoring global repository preferences: 
		 C:\ES1_Project\AT426-BU-98000-r0p1-00rel0\vivado\Arm_sw_repository
10:30:10 INFO  : Successfully done setting SDK workspace  
10:30:16 INFO  : Registering command handlers for SDK TCF services
10:30:16 INFO  : Processing command line option -hwspec C:/ES1_Project/myTestbench_project/software/m3_for_arty_a7_wrapper.hdf.
10:30:17 INFO  : Checking for hwspec changes in the project m3_for_arty_a7_wrapper_hw_platform_1.
10:30:17 INFO  : SDK has detected change in the last modified timestamps for source hardware specification file Source:1615627771650,  Project:1615492673304
10:30:17 INFO  : The hardware specification for project 'm3_for_arty_a7_wrapper_hw_platform_1' is different from C:/ES1_Project/myTestbench_project/software/m3_for_arty_a7_wrapper.hdf.
10:30:17 INFO  : Copied contents of C:/ES1_Project/myTestbench_project/software/m3_for_arty_a7_wrapper.hdf into \m3_for_arty_a7_wrapper_hw_platform_1\system.hdf.
10:30:17 INFO  : Synchronizing projects in the workspace with the hardware platform specification changes.
10:30:19 INFO  : 
10:30:19 INFO  : Clearing existing target manager status.
10:30:19 INFO  : Closing and re-opening the MSS file of ther project standalone_bsp_0
10:30:20 INFO  : Workspace synchronized with the new hardware specification file. Cleaning dependent projects...
10:30:20 WARN  : Linker script will not be updated automatically. Users need to update it manually.
