#-----------------------------------------------------------
# Webtalk v2019.1 (64-bit)
# SW Build 2552052 on Fri May 24 14:49:42 MDT 2019
# 
# Start of session at: Fri Mar  5 12:48:35 2021
# Process ID: 7052
# Current directory: C:/ES1_Project/myTestbench_project/software/m3_for_arty_a7/sdk_workspace/webtalk
# Command line: wbtcv.exe -mode batch -source sdk_webtalk.tcl
# Log file: C:/ES1_Project/myTestbench_project/software/m3_for_arty_a7/sdk_workspace/webtalk/webtalk.log
# Journal file: C:/ES1_Project/myTestbench_project/software/m3_for_arty_a7/sdk_workspace/webtalk\webtalk.jou
#-----------------------------------------------------------
source sdk_webtalk.tcl
# webtalk_init -webtalk_dir C:\\ES1_Project\\myTestbench_project\\software\\m3_for_arty_a7\\sdk_workspace\\webtalk
# webtalk_register_client -client project
# webtalk_add_data -client project -key date_generated -value "2021-03-05 12:48:34" -context "software_version_and_target_device"
# webtalk_add_data -client project -key product_version -value "SDK v2019.1" -context "software_version_and_target_device"
# webtalk_add_data -client project -key build_version -value "2019.1" -context "software_version_and_target_device"
# webtalk_add_data -client project -key os_platform -value "amd64" -context "software_version_and_target_device"
# webtalk_add_data -client project -key registration_id -value "" -context "software_version_and_target_device"
# webtalk_add_data -client project -key tool_flow -value "SDK" -context "software_version_and_target_device"
# webtalk_add_data -client project -key beta -value "false" -context "software_version_and_target_device"
# webtalk_add_data -client project -key route_design -value "NA" -context "software_version_and_target_device"
# webtalk_add_data -client project -key target_family -value "NA" -context "software_version_and_target_device"
# webtalk_add_data -client project -key target_device -value "NA" -context "software_version_and_target_device"
# webtalk_add_data -client project -key target_package -value "NA" -context "software_version_and_target_device"
# webtalk_add_data -client project -key target_speed -value "NA" -context "software_version_and_target_device"
# webtalk_add_data -client project -key random_id -value "f3t5071sbaopl5unv94bpuih85" -context "software_version_and_target_device"
# webtalk_add_data -client project -key project_id -value "2019.1_21" -context "software_version_and_target_device"
# webtalk_add_data -client project -key project_iteration -value "21" -context "software_version_and_target_device"
# webtalk_add_data -client project -key os_name -value "Microsoft Windows 8 or later , 64-bit" -context "user_environment"
# webtalk_add_data -client project -key os_release -value "major release  (build 9200)" -context "user_environment"
# webtalk_add_data -client project -key cpu_name -value "AMD Ryzen 5 2600X Six-Core Processor           " -context "user_environment"
# webtalk_add_data -client project -key cpu_speed -value "3593 MHz" -context "user_environment"
# webtalk_add_data -client project -key total_processors -value "2" -context "user_environment"
# webtalk_add_data -client project -key system_ram -value "8.518 GB" -context "user_environment"
# webtalk_register_client -client sdk
# webtalk_add_data -client sdk -key uid -value "1614935360745" -context "sdk\\\\bsp/1614935360745"
# webtalk_add_data -client sdk -key hwid -value "1614892801502" -context "sdk\\\\bsp/1614935360745"
# webtalk_add_data -client sdk -key os -value "standalone" -context "sdk\\\\bsp/1614935360745"
# webtalk_add_data -client sdk -key apptemplate -value "null" -context "sdk\\\\bsp/1614935360745"
# webtalk_add_data -client sdk -key RecordType -value "BSPCreation" -context "sdk\\\\bsp/1614935360745"
# webtalk_add_data -client sdk -key uid -value "NA" -context "sdk\\\\bsp/1614944914781"
# webtalk_add_data -client sdk -key RecordType -value "ToolUsage" -context "sdk\\\\bsp/1614944914781"
# webtalk_add_data -client sdk -key BootgenCount -value "0" -context "sdk\\\\bsp/1614944914781"
# webtalk_add_data -client sdk -key DebugCount -value "0" -context "sdk\\\\bsp/1614944914781"
# webtalk_add_data -client sdk -key PerfCount -value "0" -context "sdk\\\\bsp/1614944914781"
# webtalk_add_data -client sdk -key FlashCount -value "0" -context "sdk\\\\bsp/1614944914781"
# webtalk_add_data -client sdk -key CrossTriggCount -value "0" -context "sdk\\\\bsp/1614944914781"
# webtalk_add_data -client sdk -key QemuDebugCount -value "0" -context "sdk\\\\bsp/1614944914781"
# webtalk_transmit -clientid 3220208308 -regid "" -xml C:\\ES1_Project\\myTestbench_project\\software\\m3_for_arty_a7\\sdk_workspace\\webtalk\\usage_statistics_ext_sdk.xml -html C:\\ES1_Project\\myTestbench_project\\software\\m3_for_arty_a7\\sdk_workspace\\webtalk\\usage_statistics_ext_sdk.html -wdm C:\\ES1_Project\\myTestbench_project\\software\\m3_for_arty_a7\\sdk_workspace\\webtalk\\sdk_webtalk.wdm -intro "<H3>SDK Usage Report</H3><BR>"
# webtalk_terminate
INFO: [Common 17-206] Exiting Webtalk at Fri Mar  5 12:48:37 2021...
